<?xml version="1.0" encoding="UTF-8"?>
<!-- Generated by org.testng.reporters.JUnitReportReporter -->
<testsuite hostname="Amal94" failures="0" tests="5" name="myTestCas" time="1.278" errors="0" timestamp="2024-06-11T00:40:32 EET" skipped="3">
  <testcase classname="myTestCas" name="loginTest" time="0.656"/>
  <system-out/>
  <testcase classname="myTestCas" name="findAllElementsThatHasTheTextLab" time="0.622"/>
  <system-out/>
  <testcase classname="myTestCas" name="findAllElementsThatItsPriceIsGreaterThan$15">
    <skipped/>
  </testcase> <!-- findAllElementsThatItsPriceIsGreaterThan$15 -->
  <system-out/>
  <testcase classname="myTestCas" name="addAllItems">
    <skipped/>
  </testcase> <!-- addAllItems -->
  <system-out/>
  <testcase classname="myTestCas" name="addOneItemAndSkipTheNextOne">
    <skipped/>
  </testcase> <!-- addOneItemAndSkipTheNextOne -->
  <system-out/>
</testsuite> <!-- myTestCas -->
