<?xml version="1.0" encoding="UTF-8"?>
<!-- Generated by org.testng.reporters.JUnitReportReporter -->
<testsuite hostname="Amal94" failures="0" tests="4" name="MyTestCases" time="0.988" errors="0" timestamp="2024-06-02T15:53:44 EET" skipped="0">
  <testcase classname="MyTestCases" name="log_in" time="0.700"/>
  <system-out/>
  <testcase classname="MyTestCases" name="Verifythattheproductexsisteontwebsite" time="0.144"/>
  <system-out/>
  <testcase classname="MyTestCases" name="SortitemsfromLowtoHighPrice" time="0.099"/>
  <system-out/>
  <testcase classname="MyTestCases" name="Verifythatthelowestactualpriceequlasthelowestexpectedprice" time="0.045"/>
  <system-out/>
</testsuite> <!-- MyTestCases -->
